#-----------------------------------------------------------
# Vivado v2024.1 (64-bit)
# SW Build 5076996 on Wed May 22 18:37:14 MDT 2024
# IP Build 5075265 on Wed May 22 21:45:21 MDT 2024
# SharedData Build 5076995 on Wed May 22 18:29:18 MDT 2024
# Start of session at: Tue Oct 14 12:15:32 2025
# Process ID: 28404
# Current directory: C:/Users/nikno/Documents/DATAPROSJEKT/VGA_prosjekt
# Command line: vivado.exe -mode batch -source refresh_project.tcl
# Log file: C:/Users/nikno/Documents/DATAPROSJEKT/VGA_prosjekt/vivado.log
# Journal file: C:/Users/nikno/Documents/DATAPROSJEKT/VGA_prosjekt\vivado.jou
# Running On        :NN-14
# Platform          :Windows Server 2016 or Windows 10
# Operating System  :26100
# Processor Detail  :AMD Ryzen 9 8945HS w/ Radeon 780M Graphics
# CPU Frequency     :3992 MHz
# CPU Physical cores:8
# CPU Logical cores :16
# Host memory       :33601 MB
# Swap memory       :2147 MB
# Total Virtual     :35749 MB
# Available Virtual :14146 MB
#-----------------------------------------------------------
source refresh_project.tcl
# open_project VGA_prosjekt.xpr
Scanning sources...
Finished scanning sources
INFO: [IP_Flow 19-234] Refreshing IP repositories
INFO: [IP_Flow 19-1704] No user IP repositories specified
INFO: [IP_Flow 19-2313] Loaded Vivado IP repository 'C:/Xilinx/Vivado/2024.1/data/ip'.
open_project: Time (s): cpu = 00:00:09 ; elapsed = 00:00:09 . Memory (MB): peak = 640.637 ; gain = 210.801
# update_ip_catalog
INFO: [IP_Flow 19-1839] IP Catalog is up to date.
# save_project
ERROR: [Common 17-163] Missing value for option 'name', please type 'save_project_as -help' for usage info.
INFO: [Common 17-206] Exiting Vivado at Tue Oct 14 12:15:46 2025...
